2018-11-18 09:42:32 +0000 [MT] Initial pipeline context: <IDEDistributionProcessingPipelineContext: 0x7f8c3e21bbd0; archive(resolved)='<IDEArchive: 0x7f8c3de67120>', distributionTask(resolved)='2', distributionDestination(resolved)='1', distributionMethod(resolved)='<IDEDistributionMethodDevelopmentSigned: 0x7f8c3df7ea40>', team(resolved)='<IDEProvisioningBasicTeam: 0x7f8c3dee9100; teamID='HP3CYP2B66', teamName='(null)'>'>
	Chain (11, self inclusive):
	<IDEDistributionProcessingPipelineContext: 0x7f8c3e21bbd0; archive = '<IDEArchive: 0x7f8c3de67120>', distributionMethod='<IDEDistributionMethodDevelopmentSigned: 0x7f8c3df7ea40>', team='<IDEProvisioningBasicTeam: 0x7f8c3dee9100; teamID='HP3CYP2B66', teamName='(null)'>'>
	<IDEDistributionProcessingPipelineContext: 0x7f8c3e211c70; archive = '<IDEArchive: 0x7f8c3de67120>', distributionMethod='<IDEDistributionMethodDevelopmentSigned: 0x7f8c3df7ea40>', team='<IDEProvisioningBasicTeam: 0x7f8c3dee9100; teamID='HP3CYP2B66', teamName='(null)'>'>
	<IDEDistributionContext: 0x7f8c3e210010; archive = '<IDEArchive: 0x7f8c3de67120>', distributionMethod='<IDEDistributionMethodDevelopmentSigned: 0x7f8c3df7ea40>', team='<IDEProvisioningBasicTeam: 0x7f8c3dee9100; teamID='HP3CYP2B66', teamName='(null)'>'>
	<IDEDistributionContext: 0x7f8c3e120b10; archive = '<IDEArchive: 0x7f8c3de67120>', distributionMethod='<IDEDistributionMethodDevelopmentSigned: 0x7f8c3df7ea40>', team='<IDEProvisioningBasicTeam: 0x7f8c3dee9100; teamID='HP3CYP2B66', teamName='(null)'>'>
	<IDEDistributionContext: 0x7f8c3e11f3a0; archive = '<IDEArchive: 0x7f8c3de67120>', distributionMethod='<IDEDistributionMethodDevelopmentSigned: 0x7f8c3df7ea40>', team='<IDEProvisioningBasicTeam: 0x7f8c3dee9100; teamID='HP3CYP2B66', teamName='(null)'>'>
	<IDEDistributionContext: 0x7f8c3e11e080; archive = '<IDEArchive: 0x7f8c3de67120>', distributionMethod='<IDEDistributionMethodDevelopmentSigned: 0x7f8c3df7ea40>', team='<IDEProvisioningBasicTeam: 0x7f8c3dee9100; teamID='HP3CYP2B66', teamName='(null)'>'>
	<IDEDistributionContext: 0x7f8c3e1196a0; archive = '<IDEArchive: 0x7f8c3de67120>', distributionMethod='<IDEDistributionMethodDevelopmentSigned: 0x7f8c3df7ea40>', team='<IDEProvisioningBasicTeam: 0x7f8c3dee9100; teamID='HP3CYP2B66', teamName='(null)'>'>
	<IDEDistributionContext: 0x7f8c3e1180c0; archive = '<IDEArchive: 0x7f8c3de67120>', distributionMethod='<IDEDistributionMethodDevelopmentSigned: 0x7f8c3df7ea40>', team='<IDEProvisioningBasicTeam: 0x7f8c3dee9100; teamID='HP3CYP2B66', teamName='(null)'>'>
	<IDEDistributionContext: 0x7f8c3df7a7e0; archive = '<IDEArchive: 0x7f8c3de67120>', distributionMethod='<IDEDistributionMethodDevelopmentSigned: 0x7f8c3df7ea40>', team='<IDEProvisioningBasicTeam: 0x7f8c3dee9100; teamID='HP3CYP2B66', teamName='(null)'>'>
	<IDEDistributionContext: 0x7f8c3de6e530; archive = '<IDEArchive: 0x7f8c3de67120>', distributionMethod='<IDEDistributionMethodDevelopmentSigned: 0x7f8c3df7ea40>', team='(null)'>
	<IDEDistributionContext: 0x7f8c3de67d70; archive = '<IDEArchive: 0x7f8c3de67120>', distributionMethod='(null)', team='(null)'>
</IDEDistributionProcessingPipelineContext: 0x7f8c3e21bbd0>
2018-11-18 09:42:32 +0000 [MT] Processing step: IDEDistributionCreateDestRootStep
2018-11-18 09:42:32 +0000 [MT] Processing step: IDEDistributionCopyItemStep
2018-11-18 09:42:32 +0000 [MT] Running /usr/bin/ditto '-V' '/Users/maheshk/Office/HP/Projects/SampleApp/SampleApp.xcarchive/Products/Applications/SampleApp.app' '/var/folders/k3/bfnncww17cv0ty3x38qjg23xqw04tz/T/XcodeDistPipeline.ohP/Root/Payload/SampleApp.app'
2018-11-18 09:42:32 +0000  >>> Copying /Users/maheshk/Office/HP/Projects/SampleApp/SampleApp.xcarchive/Products/Applications/SampleApp.app 
2018-11-18 09:42:32 +0000  copying file ./_CodeSignature/CodeResources ... 
2018-11-18 09:42:32 +0000  8207 bytes for ./_CodeSignature/CodeResources
2018-11-18 09:42:32 +0000  copying file ./Base.lproj/Main.storyboardc/UIViewController-BYZ-38-t0r.nib ... 
2018-11-18 09:42:32 +0000  932 bytes for ./Base.lproj/Main.storyboardc/UIViewController-BYZ-38-t0r.nib
copying file ./Base.lproj/Main.storyboardc/BYZ-38-t0r-view-8bC-Xf-vdC.nib ... 
2018-11-18 09:42:32 +0000  1136 bytes for ./Base.lproj/Main.storyboardc/BYZ-38-t0r-view-8bC-Xf-vdC.nib
2018-11-18 09:42:32 +0000  copying file ./Base.lproj/Main.storyboardc/Info.plist ... 
2018-11-18 09:42:32 +0000  258 bytes for ./Base.lproj/Main.storyboardc/Info.plist
2018-11-18 09:42:32 +0000  copying file ./Base.lproj/LaunchScreen.storyboardc/01J-lp-oVM-view-Ze5-6b-2t3.nib ... 
2018-11-18 09:42:32 +0000  1136 bytes for ./Base.lproj/LaunchScreen.storyboardc/01J-lp-oVM-view-Ze5-6b-2t3.nib
copying file ./Base.lproj/LaunchScreen.storyboardc/UIViewController-01J-lp-oVM.nib ... 
2018-11-18 09:42:32 +0000  832 bytes for ./Base.lproj/LaunchScreen.storyboardc/UIViewController-01J-lp-oVM.nib
2018-11-18 09:42:32 +0000  copying file ./Base.lproj/LaunchScreen.storyboardc/Info.plist ... 
2018-11-18 09:42:32 +0000  258 bytes for ./Base.lproj/LaunchScreen.storyboardc/Info.plist
2018-11-18 09:42:32 +0000  copying file ./Frameworks/libswiftCoreImage.dylib ... 
2018-11-18 09:42:32 +0000  463984 bytes for ./Frameworks/libswiftCoreImage.dylib
2018-11-18 09:42:32 +0000  copying file ./Frameworks/libswiftObjectiveC.dylib ... 
2018-11-18 09:42:32 +0000  676704 bytes for ./Frameworks/libswiftObjectiveC.dylib
copying file ./Frameworks/libswiftCore.dylib ... 
2018-11-18 09:42:32 +0000  98312976 bytes for ./Frameworks/libswiftCore.dylib
2018-11-18 09:42:32 +0000  copying file ./Frameworks/libswiftCoreGraphics.dylib ... 
2018-11-18 09:42:32 +0000  2342512 bytes for ./Frameworks/libswiftCoreGraphics.dylib
2018-11-18 09:42:32 +0000  copying file ./Frameworks/libswiftUIKit.dylib ... 
2018-11-18 09:42:32 +0000  1987552 bytes for ./Frameworks/libswiftUIKit.dylib
copying file ./Frameworks/libswiftMetal.dylib ... 
2018-11-18 09:42:32 +0000  722032 bytes for ./Frameworks/libswiftMetal.dylib
copying file ./Frameworks/libswiftDispatch.dylib ... 
2018-11-18 09:42:32 +0000  4229072 bytes for ./Frameworks/libswiftDispatch.dylib
copying file ./Frameworks/libswiftos.dylib ... 
2018-11-18 09:42:32 +0000  874304 bytes for ./Frameworks/libswiftos.dylib
copying file ./Frameworks/libswiftCoreFoundation.dylib ... 
2018-11-18 09:42:32 +0000  398000 bytes for ./Frameworks/libswiftCoreFoundation.dylib
copying file ./Frameworks/libswiftDarwin.dylib ... 
2018-11-18 09:42:32 +0000  1091888 bytes for ./Frameworks/libswiftDarwin.dylib
copying file ./Frameworks/libswiftQuartzCore.dylib ... 
467984 bytes for ./Frameworks/libswiftQuartzCore.dylib
copying file ./Frameworks/SampleFramework.framework/_CodeSignature/CodeResources ... 
2202 bytes for ./Frameworks/SampleFramework.framework/_CodeSignature/CodeResources
copying file ./Frameworks/SampleFramework.framework/SampleFramework ... 
105168 bytes for ./Frameworks/SampleFramework.framework/SampleFramework
copying file ./Frameworks/SampleFramework.framework/Info.plist ... 
763 bytes for ./Frameworks/SampleFramework.framework/Info.plist
copying file ./Frameworks/libswiftFoundation.dylib ... 
2018-11-18 09:42:32 +0000  42507584 bytes for ./Frameworks/libswiftFoundation.dylib
2018-11-18 09:42:32 +0000 [MT] /usr/bin/ditto exited with 0
2018-11-18 09:42:32 +0000  copying file ./embedded.mobileprovision ... 
31994 bytes for ./embedded.mobileprovision
copying file ./Info.plist ... 
1112 bytes for ./Info.plist
copying file ./SampleApp ... 
175088 bytes for ./SampleApp
copying file ./PkgInfo ... 
8 bytes for ./PkgInfo
2018-11-18 09:42:32 +0000 [MT] Processing step: IDEDistributionEmbedProfileStep
2018-11-18 09:42:32 +0000 [MT] Skipping profile for item: <IDEDistributionItem: 0x7f8c3decc8d0 'com.personal.com.SampleFramework' '<DVTFilePath:0x7f8c3dea4fc0:'/Users/maheshk/Office/HP/Projects/SampleApp/SampleApp.xcarchive/Products/Applications/SampleApp.app/Frameworks/SampleFramework.framework'>'>
2018-11-18 09:42:32 +0000 [MT] Skipping profile for item: <IDEDistributionItem: 0x7f8c3debb7f0 'com.apple.dt.runtime.swiftCore' '<DVTFilePath:0x7f8c3e058b40:'/Users/maheshk/Office/HP/Projects/SampleApp/SampleApp.xcarchive/Products/Applications/SampleApp.app/Frameworks/libswiftCore.dylib'>'>
2018-11-18 09:42:32 +0000 [MT] Skipping profile for item: <IDEDistributionItem: 0x7f8c3ded3c40 'com.apple.dt.runtime.swiftCoreFoundation' '<DVTFilePath:0x7f8c3dec2c90:'/Users/maheshk/Office/HP/Projects/SampleApp/SampleApp.xcarchive/Products/Applications/SampleApp.app/Frameworks/libswiftCoreFoundation.dylib'>'>
2018-11-18 09:42:32 +0000 [MT] Skipping profile for item: <IDEDistributionItem: 0x7f8c3df57810 'com.apple.dt.runtime.swiftCoreGraphics' '<DVTFilePath:0x7f8c3ded3500:'/Users/maheshk/Office/HP/Projects/SampleApp/SampleApp.xcarchive/Products/Applications/SampleApp.app/Frameworks/libswiftCoreGraphics.dylib'>'>
2018-11-18 09:42:32 +0000 [MT] Skipping profile for item: <IDEDistributionItem: 0x7f8c3deddbf0 'com.apple.dt.runtime.swiftCoreImage' '<DVTFilePath:0x7f8c3e0585d0:'/Users/maheshk/Office/HP/Projects/SampleApp/SampleApp.xcarchive/Products/Applications/SampleApp.app/Frameworks/libswiftCoreImage.dylib'>'>
2018-11-18 09:42:32 +0000 [MT] Skipping profile for item: <IDEDistributionItem: 0x7f8c3dfd7100 'com.apple.dt.runtime.swiftDarwin' '<DVTFilePath:0x7f8c3dec5c10:'/Users/maheshk/Office/HP/Projects/SampleApp/SampleApp.xcarchive/Products/Applications/SampleApp.app/Frameworks/libswiftDarwin.dylib'>'>
2018-11-18 09:42:32 +0000 [MT] Skipping profile for item: <IDEDistributionItem: 0x7f8c3dff2230 'com.apple.dt.runtime.swiftDispatch' '<DVTFilePath:0x7f8c3deabc70:'/Users/maheshk/Office/HP/Projects/SampleApp/SampleApp.xcarchive/Products/Applications/SampleApp.app/Frameworks/libswiftDispatch.dylib'>'>
2018-11-18 09:42:32 +0000 [MT] Skipping profile for item: <IDEDistributionItem: 0x7f8c3dfba930 'com.apple.dt.runtime.swiftFoundation' '<DVTFilePath:0x7f8c3e028820:'/Users/maheshk/Office/HP/Projects/SampleApp/SampleApp.xcarchive/Products/Applications/SampleApp.app/Frameworks/libswiftFoundation.dylib'>'>
2018-11-18 09:42:32 +0000 [MT] Skipping profile for item: <IDEDistributionItem: 0x7f8c3dfad4f0 'com.apple.dt.runtime.swiftMetal' '<DVTFilePath:0x7f8c3decfd20:'/Users/maheshk/Office/HP/Projects/SampleApp/SampleApp.xcarchive/Products/Applications/SampleApp.app/Frameworks/libswiftMetal.dylib'>'>
2018-11-18 09:42:32 +0000 [MT] Skipping profile for item: <IDEDistributionItem: 0x7f8c3e1066b0 'com.apple.dt.runtime.swiftObjectiveC' '<DVTFilePath:0x7f8c3e057ce0:'/Users/maheshk/Office/HP/Projects/SampleApp/SampleApp.xcarchive/Products/Applications/SampleApp.app/Frameworks/libswiftObjectiveC.dylib'>'>
2018-11-18 09:42:32 +0000 [MT] Skipping profile for item: <IDEDistributionItem: 0x7f8c3de6f370 'com.apple.dt.runtime.swiftQuartzCore' '<DVTFilePath:0x7f8c3ded16a0:'/Users/maheshk/Office/HP/Projects/SampleApp/SampleApp.xcarchive/Products/Applications/SampleApp.app/Frameworks/libswiftQuartzCore.dylib'>'>
2018-11-18 09:42:32 +0000 [MT] Skipping profile for item: <IDEDistributionItem: 0x7f8c3dfe4d90 'com.apple.dt.runtime.swiftUIKit' '<DVTFilePath:0x7f8c3ded3470:'/Users/maheshk/Office/HP/Projects/SampleApp/SampleApp.xcarchive/Products/Applications/SampleApp.app/Frameworks/libswiftUIKit.dylib'>'>
2018-11-18 09:42:32 +0000 [MT] Skipping profile for item: <IDEDistributionItem: 0x7f8c3dfd3e80 'com.apple.dt.runtime.swiftos' '<DVTFilePath:0x7f8c3deac930:'/Users/maheshk/Office/HP/Projects/SampleApp/SampleApp.xcarchive/Products/Applications/SampleApp.app/Frameworks/libswiftos.dylib'>'>
2018-11-18 09:42:32 +0000 [MT] Processing step: IDEDistributionAppThinningPlistStep
2018-11-18 09:42:32 +0000 [MT] Skipping step: IDEDistributionAppThinningPlistStep because it said so
2018-11-18 09:42:32 +0000 [MT] Processing step: IDEDistributionCompileBitcodeStep
2018-11-18 09:42:32 +0000 [MT] Skipping step: IDEDistributionCompileBitcodeStep because it said so
2018-11-18 09:42:32 +0000 [MT] Processing step: IDEDistributionCodeSlimmingStep
2018-11-18 09:42:33 +0000 [MT] Processing step: IDEDistributionCopyBCSymbolMapsStep
2018-11-18 09:42:33 +0000 [MT] Skipping step: IDEDistributionCopyBCSymbolMapsStep because it said so
2018-11-18 09:42:33 +0000 [MT] Skipping step: IDEDistributionCopyBCSymbolMapsStep because it said so
2018-11-18 09:42:33 +0000 [MT] Skipping step: IDEDistributionCopyBCSymbolMapsStep because it said so
2018-11-18 09:42:33 +0000 [MT] Skipping step: IDEDistributionCopyBCSymbolMapsStep because it said so
2018-11-18 09:42:33 +0000 [MT] Skipping step: IDEDistributionCopyBCSymbolMapsStep because it said so
2018-11-18 09:42:33 +0000 [MT] Skipping step: IDEDistributionCopyBCSymbolMapsStep because it said so
2018-11-18 09:42:33 +0000 [MT] Skipping step: IDEDistributionCopyBCSymbolMapsStep because it said so
2018-11-18 09:42:33 +0000 [MT] Skipping step: IDEDistributionCopyBCSymbolMapsStep because it said so
2018-11-18 09:42:33 +0000 [MT] Skipping step: IDEDistributionCopyBCSymbolMapsStep because it said so
2018-11-18 09:42:33 +0000 [MT] Skipping step: IDEDistributionCopyBCSymbolMapsStep because it said so
2018-11-18 09:42:33 +0000 [MT] Skipping step: IDEDistributionCopyBCSymbolMapsStep because it said so
2018-11-18 09:42:33 +0000 [MT] Skipping step: IDEDistributionCopyBCSymbolMapsStep because it said so
2018-11-18 09:42:33 +0000 [MT] Skipping step: IDEDistributionCopyBCSymbolMapsStep because it said so
2018-11-18 09:42:33 +0000 [MT] Skipping step: IDEDistributionCopyBCSymbolMapsStep because it said so
2018-11-18 09:42:33 +0000 [MT] Processing step: IDEDistributionSymbolsStep
2018-11-18 09:42:33 +0000 [MT] Skipping step: IDEDistributionSymbolsStep because it said so
2018-11-18 09:42:33 +0000 [MT] Skipping step: IDEDistributionSymbolsStep because it said so
2018-11-18 09:42:33 +0000 [MT] Skipping step: IDEDistributionSymbolsStep because it said so
2018-11-18 09:42:33 +0000 [MT] Skipping step: IDEDistributionSymbolsStep because it said so
2018-11-18 09:42:33 +0000 [MT] Skipping step: IDEDistributionSymbolsStep because it said so
2018-11-18 09:42:33 +0000 [MT] Skipping step: IDEDistributionSymbolsStep because it said so
2018-11-18 09:42:33 +0000 [MT] Skipping step: IDEDistributionSymbolsStep because it said so
2018-11-18 09:42:33 +0000 [MT] Skipping step: IDEDistributionSymbolsStep because it said so
2018-11-18 09:42:33 +0000 [MT] Skipping step: IDEDistributionSymbolsStep because it said so
2018-11-18 09:42:33 +0000 [MT] Skipping step: IDEDistributionSymbolsStep because it said so
2018-11-18 09:42:33 +0000 [MT] Skipping step: IDEDistributionSymbolsStep because it said so
2018-11-18 09:42:33 +0000 [MT] Skipping step: IDEDistributionSymbolsStep because it said so
2018-11-18 09:42:33 +0000 [MT] Skipping step: IDEDistributionSymbolsStep because it said so
2018-11-18 09:42:33 +0000 [MT] Skipping step: IDEDistributionSymbolsStep because it said so
2018-11-18 09:42:33 +0000 [MT] Processing step: IDEDistributionAppThinningStep
2018-11-18 09:42:33 +0000 [MT] Skipping step: IDEDistributionAppThinningStep because it said so
2018-11-18 09:42:33 +0000 [MT] Processing step: IDEDistributionArchThinningStep
2018-11-18 09:42:33 +0000 [MT] Running /Applications/Xcode.app/Contents/Developer/Toolchains/XcodeDefault.xctoolchain/usr/bin/lipo '/var/folders/k3/bfnncww17cv0ty3x38qjg23xqw04tz/T/XcodeDistPipeline.ohP/Root/Payload/SampleApp.app/Frameworks/SampleFramework.framework/SampleFramework' '-verify_arch' 'arm64e'
2018-11-18 09:42:33 +0000 [MT] /Applications/Xcode.app/Contents/Developer/Toolchains/XcodeDefault.xctoolchain/usr/bin/lipo exited with 1
2018-11-18 09:42:33 +0000 [MT] Skipping architecture thinning for item "SampleFramework" because arch "arm64e" wasn't found
2018-11-18 09:42:33 +0000 [MT] Running /Applications/Xcode.app/Contents/Developer/Toolchains/XcodeDefault.xctoolchain/usr/bin/lipo '/var/folders/k3/bfnncww17cv0ty3x38qjg23xqw04tz/T/XcodeDistPipeline.ohP/Root/Payload/SampleApp.app/Frameworks/libswiftCore.dylib' '-verify_arch' 'arm64e'
2018-11-18 09:42:33 +0000 [MT] /Applications/Xcode.app/Contents/Developer/Toolchains/XcodeDefault.xctoolchain/usr/bin/lipo exited with 0
2018-11-18 09:42:33 +0000 [MT] Running /Applications/Xcode.app/Contents/Developer/Toolchains/XcodeDefault.xctoolchain/usr/bin/lipo '/var/folders/k3/bfnncww17cv0ty3x38qjg23xqw04tz/T/XcodeDistPipeline.ohP/Root/Payload/SampleApp.app/Frameworks/libswiftCore.dylib' '-remove' 'arm64e' '-output' '/var/folders/k3/bfnncww17cv0ty3x38qjg23xqw04tz/T/XcodeDistPipeline.ohP/Root/Payload/SampleApp.app/Frameworks/libswiftCore.dylib'
2018-11-18 09:42:33 +0000 [MT] /Applications/Xcode.app/Contents/Developer/Toolchains/XcodeDefault.xctoolchain/usr/bin/lipo exited with 0
2018-11-18 09:42:33 +0000 [MT] Successfully thinned item "libswiftCore.dylib", arch "arm64e"
2018-11-18 09:42:33 +0000 [MT] Running /Applications/Xcode.app/Contents/Developer/Toolchains/XcodeDefault.xctoolchain/usr/bin/lipo '/var/folders/k3/bfnncww17cv0ty3x38qjg23xqw04tz/T/XcodeDistPipeline.ohP/Root/Payload/SampleApp.app/Frameworks/libswiftCoreFoundation.dylib' '-verify_arch' 'arm64e'
2018-11-18 09:42:33 +0000 [MT] /Applications/Xcode.app/Contents/Developer/Toolchains/XcodeDefault.xctoolchain/usr/bin/lipo exited with 0
2018-11-18 09:42:33 +0000 [MT] Running /Applications/Xcode.app/Contents/Developer/Toolchains/XcodeDefault.xctoolchain/usr/bin/lipo '/var/folders/k3/bfnncww17cv0ty3x38qjg23xqw04tz/T/XcodeDistPipeline.ohP/Root/Payload/SampleApp.app/Frameworks/libswiftCoreFoundation.dylib' '-remove' 'arm64e' '-output' '/var/folders/k3/bfnncww17cv0ty3x38qjg23xqw04tz/T/XcodeDistPipeline.ohP/Root/Payload/SampleApp.app/Frameworks/libswiftCoreFoundation.dylib'
2018-11-18 09:42:33 +0000 [MT] /Applications/Xcode.app/Contents/Developer/Toolchains/XcodeDefault.xctoolchain/usr/bin/lipo exited with 0
2018-11-18 09:42:33 +0000 [MT] Successfully thinned item "libswiftCoreFoundation.dylib", arch "arm64e"
2018-11-18 09:42:33 +0000 [MT] Running /Applications/Xcode.app/Contents/Developer/Toolchains/XcodeDefault.xctoolchain/usr/bin/lipo '/var/folders/k3/bfnncww17cv0ty3x38qjg23xqw04tz/T/XcodeDistPipeline.ohP/Root/Payload/SampleApp.app/Frameworks/libswiftCoreGraphics.dylib' '-verify_arch' 'arm64e'
2018-11-18 09:42:33 +0000 [MT] /Applications/Xcode.app/Contents/Developer/Toolchains/XcodeDefault.xctoolchain/usr/bin/lipo exited with 0
2018-11-18 09:42:33 +0000 [MT] Running /Applications/Xcode.app/Contents/Developer/Toolchains/XcodeDefault.xctoolchain/usr/bin/lipo '/var/folders/k3/bfnncww17cv0ty3x38qjg23xqw04tz/T/XcodeDistPipeline.ohP/Root/Payload/SampleApp.app/Frameworks/libswiftCoreGraphics.dylib' '-remove' 'arm64e' '-output' '/var/folders/k3/bfnncww17cv0ty3x38qjg23xqw04tz/T/XcodeDistPipeline.ohP/Root/Payload/SampleApp.app/Frameworks/libswiftCoreGraphics.dylib'
2018-11-18 09:42:33 +0000 [MT] /Applications/Xcode.app/Contents/Developer/Toolchains/XcodeDefault.xctoolchain/usr/bin/lipo exited with 0
2018-11-18 09:42:33 +0000 [MT] Successfully thinned item "libswiftCoreGraphics.dylib", arch "arm64e"
2018-11-18 09:42:33 +0000 [MT] Running /Applications/Xcode.app/Contents/Developer/Toolchains/XcodeDefault.xctoolchain/usr/bin/lipo '/var/folders/k3/bfnncww17cv0ty3x38qjg23xqw04tz/T/XcodeDistPipeline.ohP/Root/Payload/SampleApp.app/Frameworks/libswiftCoreImage.dylib' '-verify_arch' 'arm64e'
2018-11-18 09:42:33 +0000 [MT] /Applications/Xcode.app/Contents/Developer/Toolchains/XcodeDefault.xctoolchain/usr/bin/lipo exited with 0
2018-11-18 09:42:33 +0000 [MT] Running /Applications/Xcode.app/Contents/Developer/Toolchains/XcodeDefault.xctoolchain/usr/bin/lipo '/var/folders/k3/bfnncww17cv0ty3x38qjg23xqw04tz/T/XcodeDistPipeline.ohP/Root/Payload/SampleApp.app/Frameworks/libswiftCoreImage.dylib' '-remove' 'arm64e' '-output' '/var/folders/k3/bfnncww17cv0ty3x38qjg23xqw04tz/T/XcodeDistPipeline.ohP/Root/Payload/SampleApp.app/Frameworks/libswiftCoreImage.dylib'
2018-11-18 09:42:33 +0000 [MT] /Applications/Xcode.app/Contents/Developer/Toolchains/XcodeDefault.xctoolchain/usr/bin/lipo exited with 0
2018-11-18 09:42:33 +0000 [MT] Successfully thinned item "libswiftCoreImage.dylib", arch "arm64e"
2018-11-18 09:42:33 +0000 [MT] Running /Applications/Xcode.app/Contents/Developer/Toolchains/XcodeDefault.xctoolchain/usr/bin/lipo '/var/folders/k3/bfnncww17cv0ty3x38qjg23xqw04tz/T/XcodeDistPipeline.ohP/Root/Payload/SampleApp.app/Frameworks/libswiftDarwin.dylib' '-verify_arch' 'arm64e'
2018-11-18 09:42:33 +0000 [MT] /Applications/Xcode.app/Contents/Developer/Toolchains/XcodeDefault.xctoolchain/usr/bin/lipo exited with 0
2018-11-18 09:42:33 +0000 [MT] Running /Applications/Xcode.app/Contents/Developer/Toolchains/XcodeDefault.xctoolchain/usr/bin/lipo '/var/folders/k3/bfnncww17cv0ty3x38qjg23xqw04tz/T/XcodeDistPipeline.ohP/Root/Payload/SampleApp.app/Frameworks/libswiftDarwin.dylib' '-remove' 'arm64e' '-output' '/var/folders/k3/bfnncww17cv0ty3x38qjg23xqw04tz/T/XcodeDistPipeline.ohP/Root/Payload/SampleApp.app/Frameworks/libswiftDarwin.dylib'
2018-11-18 09:42:33 +0000 [MT] /Applications/Xcode.app/Contents/Developer/Toolchains/XcodeDefault.xctoolchain/usr/bin/lipo exited with 0
2018-11-18 09:42:33 +0000 [MT] Successfully thinned item "libswiftDarwin.dylib", arch "arm64e"
2018-11-18 09:42:33 +0000 [MT] Running /Applications/Xcode.app/Contents/Developer/Toolchains/XcodeDefault.xctoolchain/usr/bin/lipo '/var/folders/k3/bfnncww17cv0ty3x38qjg23xqw04tz/T/XcodeDistPipeline.ohP/Root/Payload/SampleApp.app/Frameworks/libswiftDispatch.dylib' '-verify_arch' 'arm64e'
2018-11-18 09:42:33 +0000 [MT] /Applications/Xcode.app/Contents/Developer/Toolchains/XcodeDefault.xctoolchain/usr/bin/lipo exited with 0
2018-11-18 09:42:33 +0000 [MT] Running /Applications/Xcode.app/Contents/Developer/Toolchains/XcodeDefault.xctoolchain/usr/bin/lipo '/var/folders/k3/bfnncww17cv0ty3x38qjg23xqw04tz/T/XcodeDistPipeline.ohP/Root/Payload/SampleApp.app/Frameworks/libswiftDispatch.dylib' '-remove' 'arm64e' '-output' '/var/folders/k3/bfnncww17cv0ty3x38qjg23xqw04tz/T/XcodeDistPipeline.ohP/Root/Payload/SampleApp.app/Frameworks/libswiftDispatch.dylib'
2018-11-18 09:42:33 +0000 [MT] /Applications/Xcode.app/Contents/Developer/Toolchains/XcodeDefault.xctoolchain/usr/bin/lipo exited with 0
2018-11-18 09:42:33 +0000 [MT] Successfully thinned item "libswiftDispatch.dylib", arch "arm64e"
2018-11-18 09:42:33 +0000 [MT] Running /Applications/Xcode.app/Contents/Developer/Toolchains/XcodeDefault.xctoolchain/usr/bin/lipo '/var/folders/k3/bfnncww17cv0ty3x38qjg23xqw04tz/T/XcodeDistPipeline.ohP/Root/Payload/SampleApp.app/Frameworks/libswiftFoundation.dylib' '-verify_arch' 'arm64e'
2018-11-18 09:42:33 +0000 [MT] /Applications/Xcode.app/Contents/Developer/Toolchains/XcodeDefault.xctoolchain/usr/bin/lipo exited with 0
2018-11-18 09:42:33 +0000 [MT] Running /Applications/Xcode.app/Contents/Developer/Toolchains/XcodeDefault.xctoolchain/usr/bin/lipo '/var/folders/k3/bfnncww17cv0ty3x38qjg23xqw04tz/T/XcodeDistPipeline.ohP/Root/Payload/SampleApp.app/Frameworks/libswiftFoundation.dylib' '-remove' 'arm64e' '-output' '/var/folders/k3/bfnncww17cv0ty3x38qjg23xqw04tz/T/XcodeDistPipeline.ohP/Root/Payload/SampleApp.app/Frameworks/libswiftFoundation.dylib'
2018-11-18 09:42:33 +0000 [MT] /Applications/Xcode.app/Contents/Developer/Toolchains/XcodeDefault.xctoolchain/usr/bin/lipo exited with 0
2018-11-18 09:42:33 +0000 [MT] Successfully thinned item "libswiftFoundation.dylib", arch "arm64e"
2018-11-18 09:42:33 +0000 [MT] Running /Applications/Xcode.app/Contents/Developer/Toolchains/XcodeDefault.xctoolchain/usr/bin/lipo '/var/folders/k3/bfnncww17cv0ty3x38qjg23xqw04tz/T/XcodeDistPipeline.ohP/Root/Payload/SampleApp.app/Frameworks/libswiftMetal.dylib' '-verify_arch' 'arm64e'
2018-11-18 09:42:33 +0000 [MT] /Applications/Xcode.app/Contents/Developer/Toolchains/XcodeDefault.xctoolchain/usr/bin/lipo exited with 0
2018-11-18 09:42:33 +0000 [MT] Running /Applications/Xcode.app/Contents/Developer/Toolchains/XcodeDefault.xctoolchain/usr/bin/lipo '/var/folders/k3/bfnncww17cv0ty3x38qjg23xqw04tz/T/XcodeDistPipeline.ohP/Root/Payload/SampleApp.app/Frameworks/libswiftMetal.dylib' '-remove' 'arm64e' '-output' '/var/folders/k3/bfnncww17cv0ty3x38qjg23xqw04tz/T/XcodeDistPipeline.ohP/Root/Payload/SampleApp.app/Frameworks/libswiftMetal.dylib'
2018-11-18 09:42:33 +0000 [MT] /Applications/Xcode.app/Contents/Developer/Toolchains/XcodeDefault.xctoolchain/usr/bin/lipo exited with 0
2018-11-18 09:42:33 +0000 [MT] Successfully thinned item "libswiftMetal.dylib", arch "arm64e"
2018-11-18 09:42:33 +0000 [MT] Running /Applications/Xcode.app/Contents/Developer/Toolchains/XcodeDefault.xctoolchain/usr/bin/lipo '/var/folders/k3/bfnncww17cv0ty3x38qjg23xqw04tz/T/XcodeDistPipeline.ohP/Root/Payload/SampleApp.app/Frameworks/libswiftObjectiveC.dylib' '-verify_arch' 'arm64e'
2018-11-18 09:42:33 +0000 [MT] /Applications/Xcode.app/Contents/Developer/Toolchains/XcodeDefault.xctoolchain/usr/bin/lipo exited with 0
2018-11-18 09:42:33 +0000 [MT] Running /Applications/Xcode.app/Contents/Developer/Toolchains/XcodeDefault.xctoolchain/usr/bin/lipo '/var/folders/k3/bfnncww17cv0ty3x38qjg23xqw04tz/T/XcodeDistPipeline.ohP/Root/Payload/SampleApp.app/Frameworks/libswiftObjectiveC.dylib' '-remove' 'arm64e' '-output' '/var/folders/k3/bfnncww17cv0ty3x38qjg23xqw04tz/T/XcodeDistPipeline.ohP/Root/Payload/SampleApp.app/Frameworks/libswiftObjectiveC.dylib'
2018-11-18 09:42:33 +0000 [MT] /Applications/Xcode.app/Contents/Developer/Toolchains/XcodeDefault.xctoolchain/usr/bin/lipo exited with 0
2018-11-18 09:42:33 +0000 [MT] Successfully thinned item "libswiftObjectiveC.dylib", arch "arm64e"
2018-11-18 09:42:33 +0000 [MT] Running /Applications/Xcode.app/Contents/Developer/Toolchains/XcodeDefault.xctoolchain/usr/bin/lipo '/var/folders/k3/bfnncww17cv0ty3x38qjg23xqw04tz/T/XcodeDistPipeline.ohP/Root/Payload/SampleApp.app/Frameworks/libswiftQuartzCore.dylib' '-verify_arch' 'arm64e'
2018-11-18 09:42:33 +0000 [MT] /Applications/Xcode.app/Contents/Developer/Toolchains/XcodeDefault.xctoolchain/usr/bin/lipo exited with 0
2018-11-18 09:42:33 +0000 [MT] Running /Applications/Xcode.app/Contents/Developer/Toolchains/XcodeDefault.xctoolchain/usr/bin/lipo '/var/folders/k3/bfnncww17cv0ty3x38qjg23xqw04tz/T/XcodeDistPipeline.ohP/Root/Payload/SampleApp.app/Frameworks/libswiftQuartzCore.dylib' '-remove' 'arm64e' '-output' '/var/folders/k3/bfnncww17cv0ty3x38qjg23xqw04tz/T/XcodeDistPipeline.ohP/Root/Payload/SampleApp.app/Frameworks/libswiftQuartzCore.dylib'
2018-11-18 09:42:33 +0000 [MT] /Applications/Xcode.app/Contents/Developer/Toolchains/XcodeDefault.xctoolchain/usr/bin/lipo exited with 0
2018-11-18 09:42:33 +0000 [MT] Successfully thinned item "libswiftQuartzCore.dylib", arch "arm64e"
2018-11-18 09:42:33 +0000 [MT] Running /Applications/Xcode.app/Contents/Developer/Toolchains/XcodeDefault.xctoolchain/usr/bin/lipo '/var/folders/k3/bfnncww17cv0ty3x38qjg23xqw04tz/T/XcodeDistPipeline.ohP/Root/Payload/SampleApp.app/Frameworks/libswiftUIKit.dylib' '-verify_arch' 'arm64e'
2018-11-18 09:42:33 +0000 [MT] /Applications/Xcode.app/Contents/Developer/Toolchains/XcodeDefault.xctoolchain/usr/bin/lipo exited with 0
2018-11-18 09:42:33 +0000 [MT] Running /Applications/Xcode.app/Contents/Developer/Toolchains/XcodeDefault.xctoolchain/usr/bin/lipo '/var/folders/k3/bfnncww17cv0ty3x38qjg23xqw04tz/T/XcodeDistPipeline.ohP/Root/Payload/SampleApp.app/Frameworks/libswiftUIKit.dylib' '-remove' 'arm64e' '-output' '/var/folders/k3/bfnncww17cv0ty3x38qjg23xqw04tz/T/XcodeDistPipeline.ohP/Root/Payload/SampleApp.app/Frameworks/libswiftUIKit.dylib'
2018-11-18 09:42:33 +0000 [MT] /Applications/Xcode.app/Contents/Developer/Toolchains/XcodeDefault.xctoolchain/usr/bin/lipo exited with 0
2018-11-18 09:42:33 +0000 [MT] Successfully thinned item "libswiftUIKit.dylib", arch "arm64e"
2018-11-18 09:42:33 +0000 [MT] Running /Applications/Xcode.app/Contents/Developer/Toolchains/XcodeDefault.xctoolchain/usr/bin/lipo '/var/folders/k3/bfnncww17cv0ty3x38qjg23xqw04tz/T/XcodeDistPipeline.ohP/Root/Payload/SampleApp.app/Frameworks/libswiftos.dylib' '-verify_arch' 'arm64e'
2018-11-18 09:42:33 +0000 [MT] /Applications/Xcode.app/Contents/Developer/Toolchains/XcodeDefault.xctoolchain/usr/bin/lipo exited with 0
2018-11-18 09:42:33 +0000 [MT] Running /Applications/Xcode.app/Contents/Developer/Toolchains/XcodeDefault.xctoolchain/usr/bin/lipo '/var/folders/k3/bfnncww17cv0ty3x38qjg23xqw04tz/T/XcodeDistPipeline.ohP/Root/Payload/SampleApp.app/Frameworks/libswiftos.dylib' '-remove' 'arm64e' '-output' '/var/folders/k3/bfnncww17cv0ty3x38qjg23xqw04tz/T/XcodeDistPipeline.ohP/Root/Payload/SampleApp.app/Frameworks/libswiftos.dylib'
2018-11-18 09:42:33 +0000 [MT] /Applications/Xcode.app/Contents/Developer/Toolchains/XcodeDefault.xctoolchain/usr/bin/lipo exited with 0
2018-11-18 09:42:33 +0000 [MT] Successfully thinned item "libswiftos.dylib", arch "arm64e"
2018-11-18 09:42:33 +0000 [MT] Running /Applications/Xcode.app/Contents/Developer/Toolchains/XcodeDefault.xctoolchain/usr/bin/lipo '/var/folders/k3/bfnncww17cv0ty3x38qjg23xqw04tz/T/XcodeDistPipeline.ohP/Root/Payload/SampleApp.app/SampleApp' '-verify_arch' 'arm64e'
2018-11-18 09:42:33 +0000 [MT] /Applications/Xcode.app/Contents/Developer/Toolchains/XcodeDefault.xctoolchain/usr/bin/lipo exited with 1
2018-11-18 09:42:33 +0000 [MT] Skipping architecture thinning for item "SampleApp" because arch "arm64e" wasn't found
2018-11-18 09:42:33 +0000 [MT] Processing step: IDEDistributionODRStep
2018-11-18 09:42:33 +0000 [MT] Processing step: IDEDistributionStripXattrsStep
2018-11-18 09:42:33 +0000 [MT] Skipping stripping extended attributes of item: <IDEDistributionItem: 0x7f8c3decc8d0 'com.personal.com.SampleFramework' '<DVTFilePath:0x7f8c3dea4fc0:'/Users/maheshk/Office/HP/Projects/SampleApp/SampleApp.xcarchive/Products/Applications/SampleApp.app/Frameworks/SampleFramework.framework'>'>
2018-11-18 09:42:33 +0000 [MT] Skipping stripping extended attributes of item: <IDEDistributionItem: 0x7f8c3debb7f0 'com.apple.dt.runtime.swiftCore' '<DVTFilePath:0x7f8c3e058b40:'/Users/maheshk/Office/HP/Projects/SampleApp/SampleApp.xcarchive/Products/Applications/SampleApp.app/Frameworks/libswiftCore.dylib'>'>
2018-11-18 09:42:33 +0000 [MT] Skipping stripping extended attributes of item: <IDEDistributionItem: 0x7f8c3ded3c40 'com.apple.dt.runtime.swiftCoreFoundation' '<DVTFilePath:0x7f8c3dec2c90:'/Users/maheshk/Office/HP/Projects/SampleApp/SampleApp.xcarchive/Products/Applications/SampleApp.app/Frameworks/libswiftCoreFoundation.dylib'>'>
2018-11-18 09:42:33 +0000 [MT] Skipping stripping extended attributes of item: <IDEDistributionItem: 0x7f8c3df57810 'com.apple.dt.runtime.swiftCoreGraphics' '<DVTFilePath:0x7f8c3ded3500:'/Users/maheshk/Office/HP/Projects/SampleApp/SampleApp.xcarchive/Products/Applications/SampleApp.app/Frameworks/libswiftCoreGraphics.dylib'>'>
2018-11-18 09:42:33 +0000 [MT] Skipping stripping extended attributes of item: <IDEDistributionItem: 0x7f8c3deddbf0 'com.apple.dt.runtime.swiftCoreImage' '<DVTFilePath:0x7f8c3e0585d0:'/Users/maheshk/Office/HP/Projects/SampleApp/SampleApp.xcarchive/Products/Applications/SampleApp.app/Frameworks/libswiftCoreImage.dylib'>'>
2018-11-18 09:42:33 +0000 [MT] Skipping stripping extended attributes of item: <IDEDistributionItem: 0x7f8c3dfd7100 'com.apple.dt.runtime.swiftDarwin' '<DVTFilePath:0x7f8c3dec5c10:'/Users/maheshk/Office/HP/Projects/SampleApp/SampleApp.xcarchive/Products/Applications/SampleApp.app/Frameworks/libswiftDarwin.dylib'>'>
2018-11-18 09:42:33 +0000 [MT] Skipping stripping extended attributes of item: <IDEDistributionItem: 0x7f8c3dff2230 'com.apple.dt.runtime.swiftDispatch' '<DVTFilePath:0x7f8c3deabc70:'/Users/maheshk/Office/HP/Projects/SampleApp/SampleApp.xcarchive/Products/Applications/SampleApp.app/Frameworks/libswiftDispatch.dylib'>'>
2018-11-18 09:42:33 +0000 [MT] Skipping stripping extended attributes of item: <IDEDistributionItem: 0x7f8c3dfba930 'com.apple.dt.runtime.swiftFoundation' '<DVTFilePath:0x7f8c3e028820:'/Users/maheshk/Office/HP/Projects/SampleApp/SampleApp.xcarchive/Products/Applications/SampleApp.app/Frameworks/libswiftFoundation.dylib'>'>
2018-11-18 09:42:33 +0000 [MT] Skipping stripping extended attributes of item: <IDEDistributionItem: 0x7f8c3dfad4f0 'com.apple.dt.runtime.swiftMetal' '<DVTFilePath:0x7f8c3decfd20:'/Users/maheshk/Office/HP/Projects/SampleApp/SampleApp.xcarchive/Products/Applications/SampleApp.app/Frameworks/libswiftMetal.dylib'>'>
2018-11-18 09:42:33 +0000 [MT] Skipping stripping extended attributes of item: <IDEDistributionItem: 0x7f8c3e1066b0 'com.apple.dt.runtime.swiftObjectiveC' '<DVTFilePath:0x7f8c3e057ce0:'/Users/maheshk/Office/HP/Projects/SampleApp/SampleApp.xcarchive/Products/Applications/SampleApp.app/Frameworks/libswiftObjectiveC.dylib'>'>
2018-11-18 09:42:33 +0000 [MT] Skipping stripping extended attributes of item: <IDEDistributionItem: 0x7f8c3de6f370 'com.apple.dt.runtime.swiftQuartzCore' '<DVTFilePath:0x7f8c3ded16a0:'/Users/maheshk/Office/HP/Projects/SampleApp/SampleApp.xcarchive/Products/Applications/SampleApp.app/Frameworks/libswiftQuartzCore.dylib'>'>
2018-11-18 09:42:33 +0000 [MT] Skipping stripping extended attributes of item: <IDEDistributionItem: 0x7f8c3dfe4d90 'com.apple.dt.runtime.swiftUIKit' '<DVTFilePath:0x7f8c3ded3470:'/Users/maheshk/Office/HP/Projects/SampleApp/SampleApp.xcarchive/Products/Applications/SampleApp.app/Frameworks/libswiftUIKit.dylib'>'>
2018-11-18 09:42:33 +0000 [MT] Skipping stripping extended attributes of item: <IDEDistributionItem: 0x7f8c3dfd3e80 'com.apple.dt.runtime.swiftos' '<DVTFilePath:0x7f8c3deac930:'/Users/maheshk/Office/HP/Projects/SampleApp/SampleApp.xcarchive/Products/Applications/SampleApp.app/Frameworks/libswiftos.dylib'>'>
2018-11-18 09:42:33 +0000 [MT] Running /usr/bin/xattr '-crs' '/var/folders/k3/bfnncww17cv0ty3x38qjg23xqw04tz/T/XcodeDistPipeline.ohP/Root/Payload/SampleApp.app'
2018-11-18 09:42:33 +0000 [MT] /usr/bin/xattr exited with 0
2018-11-18 09:42:33 +0000 [MT] Processing step: IDEDistributionCodesignStep
2018-11-18 09:42:33 +0000 [MT] Entitlements for <IDEDistributionItem: 0x7f8c3decc8d0 'com.personal.com.SampleFramework' '<DVTFilePath:0x7f8c3dea4fc0:'/Users/maheshk/Office/HP/Projects/SampleApp/SampleApp.xcarchive/Products/Applications/SampleApp.app/Frameworks/SampleFramework.framework'>'>: {
}
2018-11-18 09:42:33 +0000 [MT] Writing entitlements for <IDEDistributionItem: 0x7f8c3decc8d0 'com.personal.com.SampleFramework' '<DVTFilePath:0x7f8c3dea4fc0:'/Users/maheshk/Office/HP/Projects/SampleApp/SampleApp.xcarchive/Products/Applications/SampleApp.app/Frameworks/SampleFramework.framework'>'> to: /var/folders/k3/bfnncww17cv0ty3x38qjg23xqw04tz/T/XcodeDistPipeline.ohP/entitlements9WcpVw
2018-11-18 09:42:33 +0000 [MT] Running /usr/bin/codesign '-vvv' '--force' '--sign' 'AB203EA6D5A1DDC402F13EA323D10F807E6C585C' '--entitlements' '/var/folders/k3/bfnncww17cv0ty3x38qjg23xqw04tz/T/XcodeDistPipeline.ohP/entitlements9WcpVw' '--preserve-metadata=identifier,flags,runtime' '/var/folders/k3/bfnncww17cv0ty3x38qjg23xqw04tz/T/XcodeDistPipeline.ohP/Root/Payload/SampleApp.app/Frameworks/SampleFramework.framework'
2018-11-18 09:42:33 +0000  /var/folders/k3/bfnncww17cv0ty3x38qjg23xqw04tz/T/XcodeDistPipeline.ohP/Root/Payload/SampleApp.app/Frameworks/SampleFramework.framework: signed bundle with Mach-O universal (arm64) [com.personal.com.SampleFramework]
2018-11-18 09:42:33 +0000 [MT] /usr/bin/codesign exited with 0
2018-11-18 09:42:33 +0000 [MT] Entitlements for <IDEDistributionItem: 0x7f8c3debb7f0 'com.apple.dt.runtime.swiftCore' '<DVTFilePath:0x7f8c3e058b40:'/Users/maheshk/Office/HP/Projects/SampleApp/SampleApp.xcarchive/Products/Applications/SampleApp.app/Frameworks/libswiftCore.dylib'>'>: {
}
2018-11-18 09:42:33 +0000 [MT] Writing entitlements for <IDEDistributionItem: 0x7f8c3debb7f0 'com.apple.dt.runtime.swiftCore' '<DVTFilePath:0x7f8c3e058b40:'/Users/maheshk/Office/HP/Projects/SampleApp/SampleApp.xcarchive/Products/Applications/SampleApp.app/Frameworks/libswiftCore.dylib'>'> to: /var/folders/k3/bfnncww17cv0ty3x38qjg23xqw04tz/T/XcodeDistPipeline.ohP/entitlementsBrX41B
2018-11-18 09:42:33 +0000 [MT] Running /usr/bin/codesign '-vvv' '--force' '--sign' 'AB203EA6D5A1DDC402F13EA323D10F807E6C585C' '--entitlements' '/var/folders/k3/bfnncww17cv0ty3x38qjg23xqw04tz/T/XcodeDistPipeline.ohP/entitlementsBrX41B' '--preserve-metadata=identifier,flags,runtime' '/var/folders/k3/bfnncww17cv0ty3x38qjg23xqw04tz/T/XcodeDistPipeline.ohP/Root/Payload/SampleApp.app/Frameworks/libswiftCore.dylib'
2018-11-18 09:42:34 +0000  /var/folders/k3/bfnncww17cv0ty3x38qjg23xqw04tz/T/XcodeDistPipeline.ohP/Root/Payload/SampleApp.app/Frameworks/libswiftCore.dylib: signed Mach-O universal (armv7 armv7s arm64) [com.apple.dt.runtime.swiftCore]
2018-11-18 09:42:34 +0000 [MT] /usr/bin/codesign exited with 0
2018-11-18 09:42:34 +0000 [MT] Entitlements for <IDEDistributionItem: 0x7f8c3ded3c40 'com.apple.dt.runtime.swiftCoreFoundation' '<DVTFilePath:0x7f8c3dec2c90:'/Users/maheshk/Office/HP/Projects/SampleApp/SampleApp.xcarchive/Products/Applications/SampleApp.app/Frameworks/libswiftCoreFoundation.dylib'>'>: {
}
2018-11-18 09:42:34 +0000 [MT] Writing entitlements for <IDEDistributionItem: 0x7f8c3ded3c40 'com.apple.dt.runtime.swiftCoreFoundation' '<DVTFilePath:0x7f8c3dec2c90:'/Users/maheshk/Office/HP/Projects/SampleApp/SampleApp.xcarchive/Products/Applications/SampleApp.app/Frameworks/libswiftCoreFoundation.dylib'>'> to: /var/folders/k3/bfnncww17cv0ty3x38qjg23xqw04tz/T/XcodeDistPipeline.ohP/entitlementsQEVmgl
2018-11-18 09:42:34 +0000 [MT] Running /usr/bin/codesign '-vvv' '--force' '--sign' 'AB203EA6D5A1DDC402F13EA323D10F807E6C585C' '--entitlements' '/var/folders/k3/bfnncww17cv0ty3x38qjg23xqw04tz/T/XcodeDistPipeline.ohP/entitlementsQEVmgl' '--preserve-metadata=identifier,flags,runtime' '/var/folders/k3/bfnncww17cv0ty3x38qjg23xqw04tz/T/XcodeDistPipeline.ohP/Root/Payload/SampleApp.app/Frameworks/libswiftCoreFoundation.dylib'
2018-11-18 09:42:34 +0000  /var/folders/k3/bfnncww17cv0ty3x38qjg23xqw04tz/T/XcodeDistPipeline.ohP/Root/Payload/SampleApp.app/Frameworks/libswiftCoreFoundation.dylib: signed Mach-O universal (armv7 armv7s arm64) [com.apple.dt.runtime.swiftCoreFoundation]
2018-11-18 09:42:34 +0000 [MT] /usr/bin/codesign exited with 0
2018-11-18 09:42:34 +0000 [MT] Entitlements for <IDEDistributionItem: 0x7f8c3df57810 'com.apple.dt.runtime.swiftCoreGraphics' '<DVTFilePath:0x7f8c3ded3500:'/Users/maheshk/Office/HP/Projects/SampleApp/SampleApp.xcarchive/Products/Applications/SampleApp.app/Frameworks/libswiftCoreGraphics.dylib'>'>: {
}
2018-11-18 09:42:34 +0000 [MT] Writing entitlements for <IDEDistributionItem: 0x7f8c3df57810 'com.apple.dt.runtime.swiftCoreGraphics' '<DVTFilePath:0x7f8c3ded3500:'/Users/maheshk/Office/HP/Projects/SampleApp/SampleApp.xcarchive/Products/Applications/SampleApp.app/Frameworks/libswiftCoreGraphics.dylib'>'> to: /var/folders/k3/bfnncww17cv0ty3x38qjg23xqw04tz/T/XcodeDistPipeline.ohP/entitlements1f1Myj
2018-11-18 09:42:34 +0000 [MT] Running /usr/bin/codesign '-vvv' '--force' '--sign' 'AB203EA6D5A1DDC402F13EA323D10F807E6C585C' '--entitlements' '/var/folders/k3/bfnncww17cv0ty3x38qjg23xqw04tz/T/XcodeDistPipeline.ohP/entitlements1f1Myj' '--preserve-metadata=identifier,flags,runtime' '/var/folders/k3/bfnncww17cv0ty3x38qjg23xqw04tz/T/XcodeDistPipeline.ohP/Root/Payload/SampleApp.app/Frameworks/libswiftCoreGraphics.dylib'
2018-11-18 09:42:34 +0000  /var/folders/k3/bfnncww17cv0ty3x38qjg23xqw04tz/T/XcodeDistPipeline.ohP/Root/Payload/SampleApp.app/Frameworks/libswiftCoreGraphics.dylib: signed Mach-O universal (armv7 armv7s arm64) [com.apple.dt.runtime.swiftCoreGraphics]
2018-11-18 09:42:34 +0000 [MT] /usr/bin/codesign exited with 0
2018-11-18 09:42:34 +0000 [MT] Entitlements for <IDEDistributionItem: 0x7f8c3deddbf0 'com.apple.dt.runtime.swiftCoreImage' '<DVTFilePath:0x7f8c3e0585d0:'/Users/maheshk/Office/HP/Projects/SampleApp/SampleApp.xcarchive/Products/Applications/SampleApp.app/Frameworks/libswiftCoreImage.dylib'>'>: {
}
2018-11-18 09:42:34 +0000 [MT] Writing entitlements for <IDEDistributionItem: 0x7f8c3deddbf0 'com.apple.dt.runtime.swiftCoreImage' '<DVTFilePath:0x7f8c3e0585d0:'/Users/maheshk/Office/HP/Projects/SampleApp/SampleApp.xcarchive/Products/Applications/SampleApp.app/Frameworks/libswiftCoreImage.dylib'>'> to: /var/folders/k3/bfnncww17cv0ty3x38qjg23xqw04tz/T/XcodeDistPipeline.ohP/entitlementsUkBoAi
2018-11-18 09:42:34 +0000 [MT] Running /usr/bin/codesign '-vvv' '--force' '--sign' 'AB203EA6D5A1DDC402F13EA323D10F807E6C585C' '--entitlements' '/var/folders/k3/bfnncww17cv0ty3x38qjg23xqw04tz/T/XcodeDistPipeline.ohP/entitlementsUkBoAi' '--preserve-metadata=identifier,flags,runtime' '/var/folders/k3/bfnncww17cv0ty3x38qjg23xqw04tz/T/XcodeDistPipeline.ohP/Root/Payload/SampleApp.app/Frameworks/libswiftCoreImage.dylib'
2018-11-18 09:42:34 +0000  /var/folders/k3/bfnncww17cv0ty3x38qjg23xqw04tz/T/XcodeDistPipeline.ohP/Root/Payload/SampleApp.app/Frameworks/libswiftCoreImage.dylib: signed Mach-O universal (armv7 armv7s arm64) [com.apple.dt.runtime.swiftCoreImage]
2018-11-18 09:42:34 +0000 [MT] /usr/bin/codesign exited with 0
2018-11-18 09:42:34 +0000 [MT] Entitlements for <IDEDistributionItem: 0x7f8c3dfd7100 'com.apple.dt.runtime.swiftDarwin' '<DVTFilePath:0x7f8c3dec5c10:'/Users/maheshk/Office/HP/Projects/SampleApp/SampleApp.xcarchive/Products/Applications/SampleApp.app/Frameworks/libswiftDarwin.dylib'>'>: {
}
2018-11-18 09:42:34 +0000 [MT] Writing entitlements for <IDEDistributionItem: 0x7f8c3dfd7100 'com.apple.dt.runtime.swiftDarwin' '<DVTFilePath:0x7f8c3dec5c10:'/Users/maheshk/Office/HP/Projects/SampleApp/SampleApp.xcarchive/Products/Applications/SampleApp.app/Frameworks/libswiftDarwin.dylib'>'> to: /var/folders/k3/bfnncww17cv0ty3x38qjg23xqw04tz/T/XcodeDistPipeline.ohP/entitlementsAWwR5w
2018-11-18 09:42:34 +0000 [MT] Running /usr/bin/codesign '-vvv' '--force' '--sign' 'AB203EA6D5A1DDC402F13EA323D10F807E6C585C' '--entitlements' '/var/folders/k3/bfnncww17cv0ty3x38qjg23xqw04tz/T/XcodeDistPipeline.ohP/entitlementsAWwR5w' '--preserve-metadata=identifier,flags,runtime' '/var/folders/k3/bfnncww17cv0ty3x38qjg23xqw04tz/T/XcodeDistPipeline.ohP/Root/Payload/SampleApp.app/Frameworks/libswiftDarwin.dylib'
2018-11-18 09:42:35 +0000  /var/folders/k3/bfnncww17cv0ty3x38qjg23xqw04tz/T/XcodeDistPipeline.ohP/Root/Payload/SampleApp.app/Frameworks/libswiftDarwin.dylib: signed Mach-O universal (armv7 armv7s arm64) [com.apple.dt.runtime.swiftDarwin]
2018-11-18 09:42:35 +0000 [MT] /usr/bin/codesign exited with 0
2018-11-18 09:42:35 +0000 [MT] Entitlements for <IDEDistributionItem: 0x7f8c3dff2230 'com.apple.dt.runtime.swiftDispatch' '<DVTFilePath:0x7f8c3deabc70:'/Users/maheshk/Office/HP/Projects/SampleApp/SampleApp.xcarchive/Products/Applications/SampleApp.app/Frameworks/libswiftDispatch.dylib'>'>: {
}
2018-11-18 09:42:35 +0000 [MT] Writing entitlements for <IDEDistributionItem: 0x7f8c3dff2230 'com.apple.dt.runtime.swiftDispatch' '<DVTFilePath:0x7f8c3deabc70:'/Users/maheshk/Office/HP/Projects/SampleApp/SampleApp.xcarchive/Products/Applications/SampleApp.app/Frameworks/libswiftDispatch.dylib'>'> to: /var/folders/k3/bfnncww17cv0ty3x38qjg23xqw04tz/T/XcodeDistPipeline.ohP/entitlementsiG3CzK
2018-11-18 09:42:35 +0000 [MT] Running /usr/bin/codesign '-vvv' '--force' '--sign' 'AB203EA6D5A1DDC402F13EA323D10F807E6C585C' '--entitlements' '/var/folders/k3/bfnncww17cv0ty3x38qjg23xqw04tz/T/XcodeDistPipeline.ohP/entitlementsiG3CzK' '--preserve-metadata=identifier,flags,runtime' '/var/folders/k3/bfnncww17cv0ty3x38qjg23xqw04tz/T/XcodeDistPipeline.ohP/Root/Payload/SampleApp.app/Frameworks/libswiftDispatch.dylib'
2018-11-18 09:42:35 +0000  /var/folders/k3/bfnncww17cv0ty3x38qjg23xqw04tz/T/XcodeDistPipeline.ohP/Root/Payload/SampleApp.app/Frameworks/libswiftDispatch.dylib: signed Mach-O universal (armv7 armv7s arm64) [com.apple.dt.runtime.swiftDispatch]
2018-11-18 09:42:35 +0000 [MT] /usr/bin/codesign exited with 0
2018-11-18 09:42:35 +0000 [MT] Entitlements for <IDEDistributionItem: 0x7f8c3dfba930 'com.apple.dt.runtime.swiftFoundation' '<DVTFilePath:0x7f8c3e028820:'/Users/maheshk/Office/HP/Projects/SampleApp/SampleApp.xcarchive/Products/Applications/SampleApp.app/Frameworks/libswiftFoundation.dylib'>'>: {
}
2018-11-18 09:42:35 +0000 [MT] Writing entitlements for <IDEDistributionItem: 0x7f8c3dfba930 'com.apple.dt.runtime.swiftFoundation' '<DVTFilePath:0x7f8c3e028820:'/Users/maheshk/Office/HP/Projects/SampleApp/SampleApp.xcarchive/Products/Applications/SampleApp.app/Frameworks/libswiftFoundation.dylib'>'> to: /var/folders/k3/bfnncww17cv0ty3x38qjg23xqw04tz/T/XcodeDistPipeline.ohP/entitlementsWg4Mbj
2018-11-18 09:42:35 +0000 [MT] Running /usr/bin/codesign '-vvv' '--force' '--sign' 'AB203EA6D5A1DDC402F13EA323D10F807E6C585C' '--entitlements' '/var/folders/k3/bfnncww17cv0ty3x38qjg23xqw04tz/T/XcodeDistPipeline.ohP/entitlementsWg4Mbj' '--preserve-metadata=identifier,flags,runtime' '/var/folders/k3/bfnncww17cv0ty3x38qjg23xqw04tz/T/XcodeDistPipeline.ohP/Root/Payload/SampleApp.app/Frameworks/libswiftFoundation.dylib'
2018-11-18 09:42:35 +0000  /var/folders/k3/bfnncww17cv0ty3x38qjg23xqw04tz/T/XcodeDistPipeline.ohP/Root/Payload/SampleApp.app/Frameworks/libswiftFoundation.dylib: signed Mach-O universal (armv7 armv7s arm64) [com.apple.dt.runtime.swiftFoundation]
2018-11-18 09:42:35 +0000 [MT] /usr/bin/codesign exited with 0
2018-11-18 09:42:35 +0000 [MT] Entitlements for <IDEDistributionItem: 0x7f8c3dfad4f0 'com.apple.dt.runtime.swiftMetal' '<DVTFilePath:0x7f8c3decfd20:'/Users/maheshk/Office/HP/Projects/SampleApp/SampleApp.xcarchive/Products/Applications/SampleApp.app/Frameworks/libswiftMetal.dylib'>'>: {
}
2018-11-18 09:42:35 +0000 [MT] Writing entitlements for <IDEDistributionItem: 0x7f8c3dfad4f0 'com.apple.dt.runtime.swiftMetal' '<DVTFilePath:0x7f8c3decfd20:'/Users/maheshk/Office/HP/Projects/SampleApp/SampleApp.xcarchive/Products/Applications/SampleApp.app/Frameworks/libswiftMetal.dylib'>'> to: /var/folders/k3/bfnncww17cv0ty3x38qjg23xqw04tz/T/XcodeDistPipeline.ohP/entitlementsECFCQt
2018-11-18 09:42:35 +0000 [MT] Running /usr/bin/codesign '-vvv' '--force' '--sign' 'AB203EA6D5A1DDC402F13EA323D10F807E6C585C' '--entitlements' '/var/folders/k3/bfnncww17cv0ty3x38qjg23xqw04tz/T/XcodeDistPipeline.ohP/entitlementsECFCQt' '--preserve-metadata=identifier,flags,runtime' '/var/folders/k3/bfnncww17cv0ty3x38qjg23xqw04tz/T/XcodeDistPipeline.ohP/Root/Payload/SampleApp.app/Frameworks/libswiftMetal.dylib'
2018-11-18 09:42:35 +0000  /var/folders/k3/bfnncww17cv0ty3x38qjg23xqw04tz/T/XcodeDistPipeline.ohP/Root/Payload/SampleApp.app/Frameworks/libswiftMetal.dylib: signed Mach-O universal (armv7 armv7s arm64) [com.apple.dt.runtime.swiftMetal]
2018-11-18 09:42:35 +0000 [MT] /usr/bin/codesign exited with 0
2018-11-18 09:42:35 +0000 [MT] Entitlements for <IDEDistributionItem: 0x7f8c3e1066b0 'com.apple.dt.runtime.swiftObjectiveC' '<DVTFilePath:0x7f8c3e057ce0:'/Users/maheshk/Office/HP/Projects/SampleApp/SampleApp.xcarchive/Products/Applications/SampleApp.app/Frameworks/libswiftObjectiveC.dylib'>'>: {
}
2018-11-18 09:42:35 +0000 [MT] Writing entitlements for <IDEDistributionItem: 0x7f8c3e1066b0 'com.apple.dt.runtime.swiftObjectiveC' '<DVTFilePath:0x7f8c3e057ce0:'/Users/maheshk/Office/HP/Projects/SampleApp/SampleApp.xcarchive/Products/Applications/SampleApp.app/Frameworks/libswiftObjectiveC.dylib'>'> to: /var/folders/k3/bfnncww17cv0ty3x38qjg23xqw04tz/T/XcodeDistPipeline.ohP/entitlementsHSuJuN
2018-11-18 09:42:35 +0000 [MT] Running /usr/bin/codesign '-vvv' '--force' '--sign' 'AB203EA6D5A1DDC402F13EA323D10F807E6C585C' '--entitlements' '/var/folders/k3/bfnncww17cv0ty3x38qjg23xqw04tz/T/XcodeDistPipeline.ohP/entitlementsHSuJuN' '--preserve-metadata=identifier,flags,runtime' '/var/folders/k3/bfnncww17cv0ty3x38qjg23xqw04tz/T/XcodeDistPipeline.ohP/Root/Payload/SampleApp.app/Frameworks/libswiftObjectiveC.dylib'
2018-11-18 09:42:36 +0000  /var/folders/k3/bfnncww17cv0ty3x38qjg23xqw04tz/T/XcodeDistPipeline.ohP/Root/Payload/SampleApp.app/Frameworks/libswiftObjectiveC.dylib: signed Mach-O universal (armv7 armv7s arm64) [com.apple.dt.runtime.swiftObjectiveC]
2018-11-18 09:42:36 +0000 [MT] /usr/bin/codesign exited with 0
2018-11-18 09:42:36 +0000 [MT] Entitlements for <IDEDistributionItem: 0x7f8c3de6f370 'com.apple.dt.runtime.swiftQuartzCore' '<DVTFilePath:0x7f8c3ded16a0:'/Users/maheshk/Office/HP/Projects/SampleApp/SampleApp.xcarchive/Products/Applications/SampleApp.app/Frameworks/libswiftQuartzCore.dylib'>'>: {
}
2018-11-18 09:42:36 +0000 [MT] Writing entitlements for <IDEDistributionItem: 0x7f8c3de6f370 'com.apple.dt.runtime.swiftQuartzCore' '<DVTFilePath:0x7f8c3ded16a0:'/Users/maheshk/Office/HP/Projects/SampleApp/SampleApp.xcarchive/Products/Applications/SampleApp.app/Frameworks/libswiftQuartzCore.dylib'>'> to: /var/folders/k3/bfnncww17cv0ty3x38qjg23xqw04tz/T/XcodeDistPipeline.ohP/entitlementszJd3wy
2018-11-18 09:42:36 +0000 [MT] Running /usr/bin/codesign '-vvv' '--force' '--sign' 'AB203EA6D5A1DDC402F13EA323D10F807E6C585C' '--entitlements' '/var/folders/k3/bfnncww17cv0ty3x38qjg23xqw04tz/T/XcodeDistPipeline.ohP/entitlementszJd3wy' '--preserve-metadata=identifier,flags,runtime' '/var/folders/k3/bfnncww17cv0ty3x38qjg23xqw04tz/T/XcodeDistPipeline.ohP/Root/Payload/SampleApp.app/Frameworks/libswiftQuartzCore.dylib'
2018-11-18 09:42:36 +0000  /var/folders/k3/bfnncww17cv0ty3x38qjg23xqw04tz/T/XcodeDistPipeline.ohP/Root/Payload/SampleApp.app/Frameworks/libswiftQuartzCore.dylib: signed Mach-O universal (armv7 armv7s arm64) [com.apple.dt.runtime.swiftQuartzCore]
2018-11-18 09:42:36 +0000 [MT] /usr/bin/codesign exited with 0
2018-11-18 09:42:36 +0000 [MT] Entitlements for <IDEDistributionItem: 0x7f8c3dfe4d90 'com.apple.dt.runtime.swiftUIKit' '<DVTFilePath:0x7f8c3ded3470:'/Users/maheshk/Office/HP/Projects/SampleApp/SampleApp.xcarchive/Products/Applications/SampleApp.app/Frameworks/libswiftUIKit.dylib'>'>: {
}
2018-11-18 09:42:36 +0000 [MT] Writing entitlements for <IDEDistributionItem: 0x7f8c3dfe4d90 'com.apple.dt.runtime.swiftUIKit' '<DVTFilePath:0x7f8c3ded3470:'/Users/maheshk/Office/HP/Projects/SampleApp/SampleApp.xcarchive/Products/Applications/SampleApp.app/Frameworks/libswiftUIKit.dylib'>'> to: /var/folders/k3/bfnncww17cv0ty3x38qjg23xqw04tz/T/XcodeDistPipeline.ohP/entitlements69WzXe
2018-11-18 09:42:36 +0000 [MT] Running /usr/bin/codesign '-vvv' '--force' '--sign' 'AB203EA6D5A1DDC402F13EA323D10F807E6C585C' '--entitlements' '/var/folders/k3/bfnncww17cv0ty3x38qjg23xqw04tz/T/XcodeDistPipeline.ohP/entitlements69WzXe' '--preserve-metadata=identifier,flags,runtime' '/var/folders/k3/bfnncww17cv0ty3x38qjg23xqw04tz/T/XcodeDistPipeline.ohP/Root/Payload/SampleApp.app/Frameworks/libswiftUIKit.dylib'
2018-11-18 09:42:36 +0000  /var/folders/k3/bfnncww17cv0ty3x38qjg23xqw04tz/T/XcodeDistPipeline.ohP/Root/Payload/SampleApp.app/Frameworks/libswiftUIKit.dylib: signed Mach-O universal (armv7 armv7s arm64) [com.apple.dt.runtime.swiftUIKit]
2018-11-18 09:42:36 +0000 [MT] /usr/bin/codesign exited with 0
2018-11-18 09:42:36 +0000 [MT] Entitlements for <IDEDistributionItem: 0x7f8c3dfd3e80 'com.apple.dt.runtime.swiftos' '<DVTFilePath:0x7f8c3deac930:'/Users/maheshk/Office/HP/Projects/SampleApp/SampleApp.xcarchive/Products/Applications/SampleApp.app/Frameworks/libswiftos.dylib'>'>: {
}
2018-11-18 09:42:36 +0000 [MT] Writing entitlements for <IDEDistributionItem: 0x7f8c3dfd3e80 'com.apple.dt.runtime.swiftos' '<DVTFilePath:0x7f8c3deac930:'/Users/maheshk/Office/HP/Projects/SampleApp/SampleApp.xcarchive/Products/Applications/SampleApp.app/Frameworks/libswiftos.dylib'>'> to: /var/folders/k3/bfnncww17cv0ty3x38qjg23xqw04tz/T/XcodeDistPipeline.ohP/entitlementsjuUaUt
2018-11-18 09:42:36 +0000 [MT] Running /usr/bin/codesign '-vvv' '--force' '--sign' 'AB203EA6D5A1DDC402F13EA323D10F807E6C585C' '--entitlements' '/var/folders/k3/bfnncww17cv0ty3x38qjg23xqw04tz/T/XcodeDistPipeline.ohP/entitlementsjuUaUt' '--preserve-metadata=identifier,flags,runtime' '/var/folders/k3/bfnncww17cv0ty3x38qjg23xqw04tz/T/XcodeDistPipeline.ohP/Root/Payload/SampleApp.app/Frameworks/libswiftos.dylib'
2018-11-18 09:42:36 +0000  /var/folders/k3/bfnncww17cv0ty3x38qjg23xqw04tz/T/XcodeDistPipeline.ohP/Root/Payload/SampleApp.app/Frameworks/libswiftos.dylib: signed Mach-O universal (armv7 armv7s arm64) [com.apple.dt.runtime.swiftos]
2018-11-18 09:42:36 +0000 [MT] /usr/bin/codesign exited with 0
2018-11-18 09:42:36 +0000 [MT] Entitlements for <IDEDistributionItem: 0x7f8c3dfc26a0 'com.personal.com.SampleApp' '<DVTFilePath:0x7f8c3de678d0:'/Users/maheshk/Office/HP/Projects/SampleApp/SampleApp.xcarchive/Products/Applications/SampleApp.app'>'>: {
    "application-identifier" = "TWJT9PXJFL.com.personal.com.SampleApp";
    "com.apple.developer.team-identifier" = HP3CYP2B66;
    "get-task-allow" = 1;
    "keychain-access-groups" =     (
        "TWJT9PXJFL.com.personal.com.SampleApp"
    );
}
2018-11-18 09:42:36 +0000 [MT] Writing entitlements for <IDEDistributionItem: 0x7f8c3dfc26a0 'com.personal.com.SampleApp' '<DVTFilePath:0x7f8c3de678d0:'/Users/maheshk/Office/HP/Projects/SampleApp/SampleApp.xcarchive/Products/Applications/SampleApp.app'>'> to: /var/folders/k3/bfnncww17cv0ty3x38qjg23xqw04tz/T/XcodeDistPipeline.ohP/entitlementsDzUPIL
2018-11-18 09:42:36 +0000 [MT] Running /usr/bin/codesign '-vvv' '--force' '--sign' 'AB203EA6D5A1DDC402F13EA323D10F807E6C585C' '--entitlements' '/var/folders/k3/bfnncww17cv0ty3x38qjg23xqw04tz/T/XcodeDistPipeline.ohP/entitlementsDzUPIL' '--preserve-metadata=identifier,flags,runtime' '/var/folders/k3/bfnncww17cv0ty3x38qjg23xqw04tz/T/XcodeDistPipeline.ohP/Root/Payload/SampleApp.app'
2018-11-18 09:42:37 +0000  /var/folders/k3/bfnncww17cv0ty3x38qjg23xqw04tz/T/XcodeDistPipeline.ohP/Root/Payload/SampleApp.app: signed app bundle with Mach-O thin (arm64) [com.personal.com.SampleApp]
2018-11-18 09:42:37 +0000 [MT] /usr/bin/codesign exited with 0
2018-11-18 09:42:37 +0000 [MT] Processing step: IDEDistributionZipODRItemStep
2018-11-18 09:42:37 +0000 [MT] Skipping step: IDEDistributionZipODRItemStep because it said so
2018-11-18 09:42:37 +0000 [MT] Skipping step: IDEDistributionZipODRItemStep because it said so
2018-11-18 09:42:37 +0000 [MT] Skipping step: IDEDistributionZipODRItemStep because it said so
2018-11-18 09:42:37 +0000 [MT] Skipping step: IDEDistributionZipODRItemStep because it said so
2018-11-18 09:42:37 +0000 [MT] Skipping step: IDEDistributionZipODRItemStep because it said so
2018-11-18 09:42:37 +0000 [MT] Skipping step: IDEDistributionZipODRItemStep because it said so
2018-11-18 09:42:37 +0000 [MT] Skipping step: IDEDistributionZipODRItemStep because it said so
2018-11-18 09:42:37 +0000 [MT] Skipping step: IDEDistributionZipODRItemStep because it said so
2018-11-18 09:42:37 +0000 [MT] Skipping step: IDEDistributionZipODRItemStep because it said so
2018-11-18 09:42:37 +0000 [MT] Skipping step: IDEDistributionZipODRItemStep because it said so
2018-11-18 09:42:37 +0000 [MT] Skipping step: IDEDistributionZipODRItemStep because it said so
2018-11-18 09:42:37 +0000 [MT] Skipping step: IDEDistributionZipODRItemStep because it said so
2018-11-18 09:42:37 +0000 [MT] Skipping step: IDEDistributionZipODRItemStep because it said so
2018-11-18 09:42:37 +0000 [MT] Skipping step: IDEDistributionZipODRItemStep because it said so
2018-11-18 09:42:37 +0000 [MT] Processing step: IDEDistributionCreateIPAStep
2018-11-18 09:42:37 +0000 [MT] Running /usr/bin/ditto '-V' '-c' '-k' '--norsrc' '/var/folders/k3/bfnncww17cv0ty3x38qjg23xqw04tz/T/XcodeDistPipeline.ohP/Root' '/var/folders/k3/bfnncww17cv0ty3x38qjg23xqw04tz/T/XcodeDistPipeline.ohP/Packages/SampleApp.ipa'
2018-11-18 09:42:37 +0000  >>> Copying /var/folders/k3/bfnncww17cv0ty3x38qjg23xqw04tz/T/XcodeDistPipeline.ohP/Root 
2018-11-18 09:42:37 +0000  copying file ./Payload/SampleApp.app/_CodeSignature/CodeResources ... 
2018-11-18 09:42:37 +0000  8207 bytes for ./Payload/SampleApp.app/_CodeSignature/CodeResources
2018-11-18 09:42:37 +0000  copying file ./Payload/SampleApp.app/Base.lproj/Main.storyboardc/UIViewController-BYZ-38-t0r.nib ... 
2018-11-18 09:42:37 +0000  932 bytes for ./Payload/SampleApp.app/Base.lproj/Main.storyboardc/UIViewController-BYZ-38-t0r.nib
copying file ./Payload/SampleApp.app/Base.lproj/Main.storyboardc/BYZ-38-t0r-view-8bC-Xf-vdC.nib ... 
2018-11-18 09:42:37 +0000  1136 bytes for ./Payload/SampleApp.app/Base.lproj/Main.storyboardc/BYZ-38-t0r-view-8bC-Xf-vdC.nib
copying file ./Payload/SampleApp.app/Base.lproj/Main.storyboardc/Info.plist ... 
2018-11-18 09:42:37 +0000  258 bytes for ./Payload/SampleApp.app/Base.lproj/Main.storyboardc/Info.plist
2018-11-18 09:42:37 +0000  copying file ./Payload/SampleApp.app/Base.lproj/LaunchScreen.storyboardc/01J-lp-oVM-view-Ze5-6b-2t3.nib ... 
2018-11-18 09:42:37 +0000  1136 bytes for ./Payload/SampleApp.app/Base.lproj/LaunchScreen.storyboardc/01J-lp-oVM-view-Ze5-6b-2t3.nib
copying file ./Payload/SampleApp.app/Base.lproj/LaunchScreen.storyboardc/UIViewController-01J-lp-oVM.nib ... 
2018-11-18 09:42:37 +0000  832 bytes for ./Payload/SampleApp.app/Base.lproj/LaunchScreen.storyboardc/UIViewController-01J-lp-oVM.nib
copying file ./Payload/SampleApp.app/Base.lproj/LaunchScreen.storyboardc/Info.plist ... 
2018-11-18 09:42:37 +0000  258 bytes for ./Payload/SampleApp.app/Base.lproj/LaunchScreen.storyboardc/Info.plist
2018-11-18 09:42:37 +0000  copying file ./Payload/SampleApp.app/Frameworks/libswiftCoreImage.dylib ... 
2018-11-18 09:42:37 +0000  251056 bytes for ./Payload/SampleApp.app/Frameworks/libswiftCoreImage.dylib
copying file ./Payload/SampleApp.app/Frameworks/libswiftObjectiveC.dylib ... 
2018-11-18 09:42:37 +0000  299600 bytes for ./Payload/SampleApp.app/Frameworks/libswiftObjectiveC.dylib
copying file ./Payload/SampleApp.app/Frameworks/libswiftCore.dylib ... 
2018-11-18 09:42:37 +0000  16705920 bytes for ./Payload/SampleApp.app/Frameworks/libswiftCore.dylib
copying file ./Payload/SampleApp.app/Frameworks/libswiftCoreGraphics.dylib ... 
2018-11-18 09:42:38 +0000  651792 bytes for ./Payload/SampleApp.app/Frameworks/libswiftCoreGraphics.dylib
copying file ./Payload/SampleApp.app/Frameworks/libswiftUIKit.dylib ... 
2018-11-18 09:42:38 +0000  527088 bytes for ./Payload/SampleApp.app/Frameworks/libswiftUIKit.dylib
copying file ./Payload/SampleApp.app/Frameworks/libswiftMetal.dylib ... 
2018-11-18 09:42:38 +0000  295696 bytes for ./Payload/SampleApp.app/Frameworks/libswiftMetal.dylib
copying file ./Payload/SampleApp.app/Frameworks/libswiftDispatch.dylib ... 
2018-11-18 09:42:38 +0000  1059200 bytes for ./Payload/SampleApp.app/Frameworks/libswiftDispatch.dylib
copying file ./Payload/SampleApp.app/Frameworks/libswiftos.dylib ... 
2018-11-18 09:42:38 +0000  299936 bytes for ./Payload/SampleApp.app/Frameworks/libswiftos.dylib
copying file ./Payload/SampleApp.app/Frameworks/libswiftCoreFoundation.dylib ... 
2018-11-18 09:42:38 +0000  250752 bytes for ./Payload/SampleApp.app/Frameworks/libswiftCoreFoundation.dylib
copying file ./Payload/SampleApp.app/Frameworks/libswiftDarwin.dylib ... 
2018-11-18 09:42:38 +0000  402976 bytes for ./Payload/SampleApp.app/Frameworks/libswiftDarwin.dylib
copying file ./Payload/SampleApp.app/Frameworks/libswiftQuartzCore.dylib ... 
2018-11-18 09:42:38 +0000  255104 bytes for ./Payload/SampleApp.app/Frameworks/libswiftQuartzCore.dylib
2018-11-18 09:42:38 +0000  copying file ./Payload/SampleApp.app/Frameworks/SampleFramework.framework/_CodeSignature/CodeResources ... 
2018-11-18 09:42:38 +0000  2202 bytes for ./Payload/SampleApp.app/Frameworks/SampleFramework.framework/_CodeSignature/CodeResources
copying file ./Payload/SampleApp.app/Frameworks/SampleFramework.framework/SampleFramework ... 
2018-11-18 09:42:38 +0000  88928 bytes for ./Payload/SampleApp.app/Frameworks/SampleFramework.framework/SampleFramework
copying file ./Payload/SampleApp.app/Frameworks/SampleFramework.framework/Info.plist ... 
2018-11-18 09:42:38 +0000  763 bytes for ./Payload/SampleApp.app/Frameworks/SampleFramework.framework/Info.plist
2018-11-18 09:42:38 +0000  copying file ./Payload/SampleApp.app/Frameworks/libswiftFoundation.dylib ... 
2018-11-18 09:42:38 +0000  8352704 bytes for ./Payload/SampleApp.app/Frameworks/libswiftFoundation.dylib
2018-11-18 09:42:38 +0000  copying file ./Payload/SampleApp.app/embedded.mobileprovision ... 
31994 bytes for ./Payload/SampleApp.app/embedded.mobileprovision
copying file ./Payload/SampleApp.app/Info.plist ... 
1112 bytes for ./Payload/SampleApp.app/Info.plist
copying file ./Payload/SampleApp.app/SampleApp ... 
2018-11-18 09:42:38 +0000  76016 bytes for ./Payload/SampleApp.app/SampleApp
copying file ./Payload/SampleApp.app/PkgInfo ... 
2018-11-18 09:42:38 +0000  8 bytes for ./Payload/SampleApp.app/PkgInfo
2018-11-18 09:42:38 +0000 [MT] /usr/bin/ditto exited with 0
2018-11-18 09:42:38 +0000 [MT] Processing step: IDEDistributionAppStoreInformationStep
2018-11-18 09:42:38 +0000 [MT] Skipping step: IDEDistributionAppStoreInformationStep because it said so
2018-11-18 09:42:38 +0000 [MT] Processing step: IDEDistributionCreateManifestStep
